[Android_Pixel_9 INFO ] 2025-05-16 11:49:55.420 BasePage:75 - login with invalidUsername
[Android_Pixel_9 INFO ] 2025-05-16 11:49:56.615 BasePage:75 - password is secret_sauce
[Android_Pixel_9 INFO ] 2025-05-16 11:49:57.743 BasePage:58 - press login button
[Android_Pixel_9 INFO ] 2025-05-16 11:49:59.594 BasePage:101 - error text is - Username and password do not match any user in this service.
[Android_Pixel_9 INFO ] 2025-05-16 11:50:02.097 BasePage:75 - login with standard_user
[Android_Pixel_9 INFO ] 2025-05-16 11:50:03.771 BasePage:75 - password is invalidPassword
[Android_Pixel_9 INFO ] 2025-05-16 11:50:04.876 BasePage:58 - press login button
[Android_Pixel_9 INFO ] 2025-05-16 11:50:05.701 BasePage:101 - error text is - Username and password do not match any user in this service.
[Android_Pixel_9 INFO ] 2025-05-16 11:50:07.955 BasePage:75 - login with standard_user
[Android_Pixel_9 INFO ] 2025-05-16 11:50:10.050 BasePage:75 - password is secret_sauce
[Android_Pixel_9 INFO ] 2025-05-16 11:50:11.143 BasePage:58 - press login button
[Android_Pixel_9 INFO ] 2025-05-16 11:50:12.396 BasePage:101 - product page title is - PRODUCTS
[Android_Pixel_9 INFO ] 2025-05-16 11:50:14.585 BasePage:75 - login with standard_user
[Android_Pixel_9 INFO ] 2025-05-16 11:50:16.235 BasePage:75 - password is secret_sauce
[Android_Pixel_9 INFO ] 2025-05-16 11:50:17.356 BasePage:58 - press login button
[Android_Pixel_9 INFO ] 2025-05-16 11:50:18.533 BasePage:101 - product title is: Sauce Labs Bolt T-ShirtSauce Labs Bolt T-Shirt
[Android_Pixel_9 INFO ] 2025-05-16 11:50:20.751 BasePage:75 - login with standard_user
[Android_Pixel_9 INFO ] 2025-05-16 11:50:22.413 BasePage:75 - password is secret_sauce
[Android_Pixel_9 INFO ] 2025-05-16 11:50:23.532 BasePage:58 - press login button
[Android_Pixel_9 INFO ] 2025-05-16 11:50:24.829 BasePage:58 - press Sauce Labs Backpack link
[Android_Pixel_9 INFO ] 2025-05-16 11:50:25.977 BasePage:101 - title is: Sauce Labs Backpack
[Android_Pixel_9 INFO ] 2025-05-16 11:50:26.083 BasePage:101 - description is: carry.allTheThings() with the sleek, streamlined Sly Pack that melds uncompromising style with unequaled laptop and tablet protection.
[Android_Pixel_9 INFO ] 2025-05-16 11:50:26.129 BasePage:101 - price is: $29.99
[Android_Pixel_9 INFO ] 2025-05-16 11:50:28.377 BasePage:75 - login with standard_user
[Android_Pixel_9 INFO ] 2025-05-16 11:50:30.047 BasePage:75 - password is secret_sauce
[Android_Pixel_9 INFO ] 2025-05-16 11:50:31.143 BasePage:58 - press login button
[Android_Pixel_9 INFO ] 2025-05-16 11:50:32.460 BasePage:58 - press Sauce Labs Backpack link
[Android_Pixel_9 INFO ] 2025-05-16 11:50:33.580 BasePage:101 - title is: Sauce Labs Backpack
[Android_Pixel_9 INFO ] 2025-05-16 11:50:33.670 BasePage:101 - description is: carry.allTheThings() with the sleek, streamlined Sly Pack that melds uncompromising style with unequaled laptop and tablet protection.
[Android_Pixel_9 INFO ] 2025-05-16 11:50:33.719 BasePage:101 - price is: $29.99
[Android_Pixel_9 INFO ] 2025-05-16 11:50:33.763 BasePage:58 - press Add to cart button
[Android_Pixel_9 INFO ] 2025-05-16 11:50:34.490 BasePage:58 - press Cart Button
[Android_Pixel_9 INFO ] 2025-05-16 11:50:35.637 BasePage:101 - title is:Sauce Labs Backpack
[Android_Pixel_9 INFO ] 2025-05-16 11:50:35.748 BasePage:101 - price is:$29.99
[Android_Pixel_9 INFO ] 2025-05-16 11:50:35.855 BasePage:101 - description is:carry.allTheThings() with the sleek, streamlined Sly Pack that melds uncompromising style with unequaled laptop and tablet protection.
[Android_Pixel_9 INFO ] 2025-05-16 11:50:38.044 BasePage:75 - login with standard_user
[Android_Pixel_9 INFO ] 2025-05-16 11:50:39.679 BasePage:75 - password is secret_sauce
[Android_Pixel_9 INFO ] 2025-05-16 11:50:40.793 BasePage:58 - press login button
[Android_Pixel_9 INFO ] 2025-05-16 11:50:41.941 BasePage:58 - press Sauce Labs Backpack link
[Android_Pixel_9 INFO ] 2025-05-16 11:50:43.012 BasePage:101 - title is: Sauce Labs Backpack
[Android_Pixel_9 INFO ] 2025-05-16 11:50:43.097 BasePage:101 - description is: carry.allTheThings() with the sleek, streamlined Sly Pack that melds uncompromising style with unequaled laptop and tablet protection.
[Android_Pixel_9 INFO ] 2025-05-16 11:50:43.141 BasePage:101 - price is: $29.99
[Android_Pixel_9 INFO ] 2025-05-16 11:50:43.183 BasePage:58 - press Add to cart button
[Android_Pixel_9 INFO ] 2025-05-16 11:50:43.926 BasePage:58 - press Cart Button
[Android_Pixel_9 INFO ] 2025-05-16 11:50:45.607 BasePage:101 - title is:Sauce Labs Backpack
[Android_Pixel_9 INFO ] 2025-05-16 11:50:45.942 BasePage:101 - price is:$29.99
[Android_Pixel_9 INFO ] 2025-05-16 11:50:46.048 BasePage:101 - description is:carry.allTheThings() with the sleek, streamlined Sly Pack that melds uncompromising style with unequaled laptop and tablet protection.
[Android_Pixel_9 INFO ] 2025-05-16 11:50:46.103 BasePage:58 - press checkoutButton
[Android_Pixel_9 INFO ] 2025-05-16 11:50:47.727 BasePage:75 - checkOut with firstName:Diogo
[Android_Pixel_9 INFO ] 2025-05-16 11:50:49.350 BasePage:75 - checkOut with lastName:Godinho
[Android_Pixel_9 INFO ] 2025-05-16 11:50:51.006 BasePage:75 - checkout with zipcode:7100-151
[Android_Pixel_9 INFO ] 2025-05-16 11:50:52.130 BasePage:58 - press continue Button
[Android_Pixel_9 INFO ] 2025-05-16 11:50:56.388 BasePage:58 - press Finish button
